#
# There is insufficient memory for the Java Runtime Environment to continue.
# Native memory allocation (malloc) failed to allocate 40976 bytes for Chunk::new
# Possible reasons:
#   The system is out of physical RAM or swap space
#   In 32 bit mode, the process size limit was hit
# Possible solutions:
#   Reduce memory load on the system
#   Increase physical memory or swap space
#   Check if swap backing store is full
#   Use 64 bit Java on a 64 bit OS
#   Decrease Java heap size (-Xmx/-Xms)
#   Decrease number of Java threads
#   Decrease Java thread stack sizes (-Xss)
#   Set larger code cache with -XX:ReservedCodeCacheSize=
# This output file may be truncated or incomplete.
#
#  Out of Memory Error (allocation.cpp:388), pid=6436, tid=7544
#
# JRE version: Java(TM) SE Runtime Environment (8.0_11-b12) (build 1.8.0_11-b12)
# Java VM: Java HotSpot(TM) 64-Bit Server VM (25.11-b03 mixed mode windows-amd64 compressed oops)
# Failed to write core dump. Minidumps are not enabled by default on client versions of Windows
#

---------------  T H R E A D  ---------------

Current thread (0x0000000014ec7800):  JavaThread "C1 CompilerThread1" daemon [_thread_in_native, id=7544, stack(0x0000000015f00000,0x0000000016000000)]

Stack: [0x0000000015f00000,0x0000000016000000]
Native frames: (J=compiled Java code, j=interpreted, Vv=VM code, C=native code)
V  [jvm.dll+0x308eca]


Current CompileTask:
C1:   1032  390   !   3       com.android.dx.cf.code.BytecodeArray::parseInstruction (2764 bytes)


---------------  P R O C E S S  ---------------

Java Threads: ( => current thread )
  0x0000000014ecd800 JavaThread "Service Thread" daemon [_thread_blocked, id=7712, stack(0x0000000016000000,0x0000000016100000)]
=>0x0000000014ec7800 JavaThread "C1 CompilerThread1" daemon [_thread_in_native, id=7544, stack(0x0000000015f00000,0x0000000016000000)]
  0x0000000014ec5000 JavaThread "C2 CompilerThread0" daemon [_thread_in_native, id=6340, stack(0x0000000015e00000,0x0000000015f00000)]
  0x0000000014ec4000 JavaThread "Attach Listener" daemon [_thread_blocked, id=4700, stack(0x0000000015d00000,0x0000000015e00000)]
  0x0000000014ed1800 JavaThread "Signal Dispatcher" daemon [_thread_blocked, id=7372, stack(0x0000000015c00000,0x0000000015d00000)]
  0x0000000014e84800 JavaThread "Finalizer" daemon [_thread_blocked, id=7748, stack(0x0000000015b00000,0x0000000015c00000)]
  0x0000000014e7f800 JavaThread "Reference Handler" daemon [_thread_blocked, id=7496, stack(0x0000000015a00000,0x0000000015b00000)]
  0x0000000002940800 JavaThread "main" [_thread_blocked, id=7412, stack(0x00000000027b0000,0x00000000028b0000)]

Other Threads:
  0x0000000014e7b000 VMThread [stack: 0x0000000015900000,0x0000000015a00000] [id=5052]
  0x0000000014f1a000 WatcherThread [stack: 0x0000000016100000,0x0000000016200000] [id=6764]

VM state:at safepoint (normal execution)

VM Mutex/Monitor currently owned by a thread:  ([mutex/lock_event])
[0x000000000293c750] Threads_lock - owner thread: 0x0000000014e7b000
[0x000000000293c1d0] Heap_lock - owner thread: 0x0000000002940800

Heap:
 PSYoungGen      total 5632K, used 1024K [0x00000000eab00000, 0x00000000eb200000, 0x0000000100000000)
  eden space 4096K, 0% used [0x00000000eab00000,0x00000000eab00000,0x00000000eaf00000)
  from space 1536K, 66% used [0x00000000eaf00000,0x00000000eb000018,0x00000000eb080000)
  to   space 1536K, 0% used [0x00000000eb080000,0x00000000eb080000,0x00000000eb200000)
 ParOldGen       total 64000K, used 1425K [0x00000000c0000000, 0x00000000c3e80000, 0x00000000eab00000)
  object space 64000K, 2% used [0x00000000c0000000,0x00000000c0164460,0x00000000c3e80000)
 Metaspace       used 4979K, capacity 6448K, committed 6528K, reserved 1060864K
  class space    used 537K, capacity 616K, committed 640K, reserved 1048576K

Card table byte_map: [0x0000000011e00000,0x0000000012010000] byte_map_base: 0x0000000011800000

Marking Bits: (ParMarkBitMap*) 0x00000000692a12b0
 Begin Bits: [0x0000000012370000, 0x0000000013370000)
 End Bits:   [0x0000000013370000, 0x0000000014370000)

Polling page: 0x0000000000f40000

CodeCache: size=245760Kb used=1786Kb max_used=1796Kb free=243973Kb
 bounds [0x0000000002a40000, 0x0000000002cb0000, 0x0000000011a40000]
 total_blobs=653 nmethods=394 adapters=174
 compilation: enabled

Compilation events (10 events):
Event: 0.730 Thread 0x0000000014ec7800 nmethod 388 0x0000000002bfb590 code [0x0000000002bfb740, 0x0000000002bfbc88]
Event: 0.730 Thread 0x0000000014ec7800  390   !   3       com.android.dx.cf.code.BytecodeArray::parseInstruction (2764 bytes)
Event: 0.731 Thread 0x0000000014ec5000  395       4       com.android.dx.rop.type.Type::getCategory (36 bytes)
Event: 0.731 Thread 0x0000000014ec5000 nmethod 395 0x0000000002bfb390 code [0x0000000002bfb4c0, 0x0000000002bfb538]
Event: 0.735 Thread 0x0000000014ec5000  407       4       java.util.ArrayList$Itr::hasNext (20 bytes)
Event: 0.735 Thread 0x0000000014ec5000 nmethod 407 0x0000000002bfb150 code [0x0000000002bfb280, 0x0000000002bfb2f8]
Event: 0.737 Thread 0x0000000014ec5000  409       4       java.util.ArrayList$Itr::next (66 bytes)
Event: 0.739 Thread 0x0000000014ec5000 nmethod 409 0x0000000002bff150 code [0x0000000002bff2a0, 0x0000000002bff398]
Event: 0.741 Thread 0x0000000014ec5000  420       4       java.lang.String::equals (81 bytes)
Event: 0.744 Thread 0x0000000014ec5000 nmethod 420 0x0000000002bfec90 code [0x0000000002bfede0, 0x0000000002bff018]

GC Heap History (10 events):
Event: 0.321 GC heap before
{Heap before GC invocations=3 (full 0):
 PSYoungGen      total 1024K, used 992K [0x00000000eab00000, 0x00000000ead00000, 0x0000000100000000)
  eden space 512K, 100% used [0x00000000eab00000,0x00000000eab80000,0x00000000eab80000)
  from space 512K, 93% used [0x00000000eac00000,0x00000000eac78020,0x00000000eac80000)
  to   space 512K, 0% used [0x00000000eab80000,0x00000000eab80000,0x00000000eac00000)
 ParOldGen       total 64000K, used 135K [0x00000000c0000000, 0x00000000c3e80000, 0x00000000eab00000)
  object space 64000K, 0% used [0x00000000c0000000,0x00000000c0021dc0,0x00000000c3e80000)
 Metaspace       used 3067K, capacity 4784K, committed 5120K, reserved 1056768K
  class space    used 341K, capacity 424K, committed 512K, reserved 1048576K
Event: 0.323 GC heap after
Heap after GC invocations=3 (full 0):
 PSYoungGen      total 1024K, used 506K [0x00000000eab00000, 0x00000000ead00000, 0x0000000100000000)
  eden space 512K, 0% used [0x00000000eab00000,0x00000000eab00000,0x00000000eab80000)
  from space 512K, 98% used [0x00000000eab80000,0x00000000eabfea80,0x00000000eac00000)
  to   space 512K, 0% used [0x00000000eac80000,0x00000000eac80000,0x00000000ead00000)
 ParOldGen       total 64000K, used 311K [0x00000000c0000000, 0x00000000c3e80000, 0x00000000eab00000)
  object space 64000K, 0% used [0x00000000c0000000,0x00000000c004ddb0,0x00000000c3e80000)
 Metaspace       used 3067K, capacity 4784K, committed 5120K, reserved 1056768K
  class space    used 341K, capacity 424K, committed 512K, reserved 1048576K
}
Event: 0.362 GC heap before
{Heap before GC invocations=4 (full 0):
 PSYoungGen      total 1024K, used 1016K [0x00000000eab00000, 0x00000000ead00000, 0x0000000100000000)
  eden space 512K, 99% used [0x00000000eab00000,0x00000000eab7f8f0,0x00000000eab80000)
  from space 512K, 98% used [0x00000000eab80000,0x00000000eabfea80,0x00000000eac00000)
  to   space 512K, 0% used [0x00000000eac80000,0x00000000eac80000,0x00000000ead00000)
 ParOldGen       total 64000K, used 311K [0x00000000c0000000, 0x00000000c3e80000, 0x00000000eab00000)
  object space 64000K, 0% used [0x00000000c0000000,0x00000000c004ddb0,0x00000000c3e80000)
 Metaspace       used 3253K, capacity 4944K, committed 5120K, reserved 1056768K
  class space    used 365K, capacity 456K, committed 512K, reserved 1048576K
Event: 0.363 GC heap after
Heap after GC invocations=4 (full 0):
 PSYoungGen      total 1536K, used 506K [0x00000000eab00000, 0x00000000ead00000, 0x0000000100000000)
  eden space 1024K, 0% used [0x00000000eab00000,0x00000000eab00000,0x00000000eac00000)
  from space 512K, 98% used [0x00000000eac80000,0x00000000eacfea80,0x00000000ead00000)
  to   space 512K, 0% used [0x00000000eac00000,0x00000000eac00000,0x00000000eac80000)
 ParOldGen       total 64000K, used 495K [0x00000000c0000000, 0x00000000c3e80000, 0x00000000eab00000)
  object space 64000K, 0% used [0x00000000c0000000,0x00000000c007bc50,0x00000000c3e80000)
 Metaspace       used 3253K, capacity 4944K, committed 5120K, reserved 1056768K
  class space    used 365K, capacity 456K, committed 512K, reserved 1048576K
}
Event: 0.448 GC heap before
{Heap before GC invocations=5 (full 0):
 PSYoungGen      total 1536K, used 1530K [0x00000000eab00000, 0x00000000ead00000, 0x0000000100000000)
  eden space 1024K, 100% used [0x00000000eab00000,0x00000000eac00000,0x00000000eac00000)
  from space 512K, 98% used [0x00000000eac80000,0x00000000eacfea80,0x00000000ead00000)
  to   space 512K, 0% used [0x00000000eac00000,0x00000000eac00000,0x00000000eac80000)
 ParOldGen       total 64000K, used 495K [0x00000000c0000000, 0x00000000c3e80000, 0x00000000eab00000)
  object space 64000K, 0% used [0x00000000c0000000,0x00000000c007bc50,0x00000000c3e80000)
 Metaspace       used 3572K, capacity 5232K, committed 5376K, reserved 1056768K
  class space    used 401K, capacity 488K, committed 512K, reserved 1048576K
Event: 0.449 GC heap after
Heap after GC invocations=5 (full 0):
 PSYoungGen      total 1536K, used 506K [0x00000000eab00000, 0x00000000eaf00000, 0x0000000100000000)
  eden space 1024K, 0% used [0x00000000eab00000,0x00000000eab00000,0x00000000eac00000)
  from space 512K, 98% used [0x00000000eac00000,0x00000000eac7ea80,0x00000000eac80000)
  to   space 1024K, 0% used [0x00000000eae00000,0x00000000eae00000,0x00000000eaf00000)
 ParOldGen       total 64000K, used 806K [0x00000000c0000000, 0x00000000c3e80000, 0x00000000eab00000)
  object space 64000K, 1% used [0x00000000c0000000,0x00000000c00c9a20,0x00000000c3e80000)
 Metaspace       used 3572K, capacity 5232K, committed 5376K, reserved 1056768K
  class space    used 401K, capacity 488K, committed 512K, reserved 1048576K
}
Event: 0.500 GC heap before
{Heap before GC invocations=6 (full 0):
 PSYoungGen      total 1536K, used 1530K [0x00000000eab00000, 0x00000000eaf00000, 0x0000000100000000)
  eden space 1024K, 100% used [0x00000000eab00000,0x00000000eac00000,0x00000000eac00000)
  from space 512K, 98% used [0x00000000eac00000,0x00000000eac7ea80,0x00000000eac80000)
  to   space 1024K, 0% used [0x00000000eae00000,0x00000000eae00000,0x00000000eaf00000)
 ParOldGen       total 64000K, used 806K [0x00000000c0000000, 0x00000000c3e80000, 0x00000000eab00000)
  object space 64000K, 1% used [0x00000000c0000000,0x00000000c00c9a20,0x00000000c3e80000)
 Metaspace       used 3957K, capacity 5584K, committed 5760K, reserved 1056768K
  class space    used 437K, capacity 520K, committed 640K, reserved 1048576K
Event: 0.529 GC heap after
Heap after GC invocations=6 (full 0):
 PSYoungGen      total 3072K, used 920K [0x00000000eab00000, 0x00000000eaf00000, 0x0000000100000000)
  eden space 2048K, 0% used [0x00000000eab00000,0x00000000eab00000,0x00000000ead00000)
  from space 1024K, 89% used [0x00000000eae00000,0x00000000eaee6098,0x00000000eaf00000)
  to   space 1024K, 0% used [0x00000000ead00000,0x00000000ead00000,0x00000000eae00000)
 ParOldGen       total 64000K, used 806K [0x00000000c0000000, 0x00000000c3e80000, 0x00000000eab00000)
  object space 64000K, 1% used [0x00000000c0000000,0x00000000c00c9a20,0x00000000c3e80000)
 Metaspace       used 3957K, capacity 5584K, committed 5760K, reserved 1056768K
  class space    used 437K, capacity 520K, committed 640K, reserved 1048576K
}
Event: 0.624 GC heap before
{Heap before GC invocations=7 (full 0):
 PSYoungGen      total 3072K, used 2964K [0x00000000eab00000, 0x00000000eaf00000, 0x0000000100000000)
  eden space 2048K, 99% used [0x00000000eab00000,0x00000000eacff1c8,0x00000000ead00000)
  from space 1024K, 89% used [0x00000000eae00000,0x00000000eaee6098,0x00000000eaf00000)
  to   space 1024K, 0% used [0x00000000ead00000,0x00000000ead00000,0x00000000eae00000)
 ParOldGen       total 64000K, used 806K [0x00000000c0000000, 0x00000000c3e80000, 0x00000000eab00000)
  object space 64000K, 1% used [0x00000000c0000000,0x00000000c00c9a20,0x00000000c3e80000)
 Metaspace       used 4571K, capacity 6096K, committed 6272K, reserved 1056768K
  class space    used 512K, capacity 584K, committed 640K, reserved 1048576K
Event: 0.703 GC heap after
Heap after GC invocations=7 (full 0):
 PSYoungGen      total 3072K, used 1003K [0x00000000eab00000, 0x00000000eb200000, 0x0000000100000000)
  eden space 2048K, 0% used [0x00000000eab00000,0x00000000eab00000,0x00000000ead00000)
  from space 1024K, 97% used [0x00000000ead00000,0x00000000eadfadd0,0x00000000eae00000)
  to   space 1536K, 0% used [0x00000000eb080000,0x00000000eb080000,0x00000000eb200000)
 ParOldGen       total 64000K, used 1184K [0x00000000c0000000, 0x00000000c3e80000, 0x00000000eab00000)
  object space 64000K, 1% used [0x00000000c0000000,0x00000000c01282d8,0x00000000c3e80000)
 Metaspace       used 4571K, capacity 6096K, committed 6272K, reserved 1056768K
  class space    used 512K, capacity 584K, committed 640K, reserved 1048576K
}

Deoptimization events (0 events):
No events

Internal exceptions (2 events):
Event: 0.079 Thread 0x0000000002940800 Exception <a 'java/lang/NoSuchMethodError': Method sun.misc.Unsafe.defineClass(Ljava/lang/String;[BII)Ljava/lang/Class; name or signature does not match> (0x00000000eab14b90) thrown at [C:\re\workspace\8-2-build-windows-amd64-cygwin\jdk8u11\648\hotspot\src{`ŠþP´?
Event: 0.079 Thread 0x0000000002940800 Exception <a 'java/lang/NoSuchMethodError': Method sun.misc.Unsafe.prefetchRead(Ljava/lang/Object;J)V name or signature does not match> (0x00000000eab14e20) thrown at [C:\re\workspace\8-2-build-windows-amd64-cygwin\jdk8u11\648\hotspot\src\share\vm\prims\jn

Events (10 events):
Event: 0.710 loading class java/io/PrintWriter
Event: 0.710 loading class java/io/PrintWriter done
Event: 0.710 loading class com/android/dx/dex/file/DebugInfoItem
Event: 0.710 loading class com/android/dx/dex/file/DebugInfoItem done
Event: 0.711 loading class com/android/dx/rop/annotation/AnnotationsList
Event: 0.711 loading class com/android/dx/rop/annotation/AnnotationsList done
Event: 0.711 loading class com/android/dx/dex/file/MethodIdItem
Event: 0.711 loading class com/android/dx/dex/file/MethodIdItem done
Event: 0.719 loading class com/android/dx/ssa/PhiInsn$Operand
Event: 0.719 loading class com/android/dx/ssa/PhiInsn$Operand done


Dynamic libraries:
0x00007ff76b340000 - 0x00007ff76b374000 	C:\PROGRA~1\Java\JDK18~1.0_1\bin\java.exe
0x00007ff8a2ef0000 - 0x00007ff8a309c000 	C:\WINDOWS\SYSTEM32\ntdll.dll
0x00007ff8a2db0000 - 0x00007ff8a2eee000 	C:\WINDOWS\system32\KERNEL32.DLL
0x00007ff8a03f0000 - 0x00007ff8a0505000 	C:\WINDOWS\system32\KERNELBASE.dll
0x00007ff89ebc0000 - 0x00007ff89ec4e000 	C:\WINDOWS\system32\apphelp.dll
0x00007ff897bf0000 - 0x00007ff897c43000 	C:\WINDOWS\AppPatch\AppPatch64\AcGenral.DLL
0x00007ff8a0f50000 - 0x00007ff8a0ffa000 	C:\WINDOWS\system32\msvcrt.dll
0x00007ff89fe80000 - 0x00007ff89feae000 	C:\WINDOWS\SYSTEM32\SspiCli.dll
0x00007ff8a0ef0000 - 0x00007ff8a0f44000 	C:\WINDOWS\system32\SHLWAPI.dll
0x00007ff8a2690000 - 0x00007ff8a2807000 	C:\WINDOWS\system32\USER32.dll
0x00007ff8a2810000 - 0x00007ff8a29a4000 	C:\WINDOWS\system32\ole32.dll
0x00007ff8a10c0000 - 0x00007ff8a25d8000 	C:\WINDOWS\system32\SHELL32.dll
0x00007ff89f640000 - 0x00007ff89f661000 	C:\WINDOWS\SYSTEM32\USERENV.dll
0x00007ff8a25e0000 - 0x00007ff8a268a000 	C:\WINDOWS\system32\ADVAPI32.dll
0x00007ff899a90000 - 0x00007ff899aae000 	C:\WINDOWS\SYSTEM32\MPR.dll
0x00007ff8a05f0000 - 0x00007ff8a0731000 	C:\WINDOWS\system32\RPCRT4.dll
0x00007ff8a29b0000 - 0x00007ff8a2a09000 	C:\WINDOWS\SYSTEM32\sechost.dll
0x00007ff8a0740000 - 0x00007ff8a0951000 	C:\WINDOWS\SYSTEM32\combase.dll
0x00007ff8a2a10000 - 0x00007ff8a2b61000 	C:\WINDOWS\system32\GDI32.dll
0x00007ff8a0040000 - 0x00007ff8a0055000 	C:\WINDOWS\SYSTEM32\profapi.dll
0x00007ff89d620000 - 0x00007ff89d6d2000 	C:\WINDOWS\SYSTEM32\SHCORE.dll
0x00007ff8a0ab0000 - 0x00007ff8a0ae6000 	C:\WINDOWS\system32\IMM32.DLL
0x00007ff8a0d60000 - 0x00007ff8a0eb2000 	C:\WINDOWS\system32\MSCTF.dll
0x00007ff89ae00000 - 0x00007ff89b07b000 	C:\WINDOWS\WinSxS\amd64_microsoft.windows.common-controls_6595b64144ccf1df_6.0.9600.17415_none_6240486fecbd8abb\COMCTL32.dll
0x0000000069320000 - 0x00000000693f2000 	C:\PROGRA~1\Java\JDK18~1.0_1\jre\bin\msvcr100.dll
0x0000000068af0000 - 0x000000006931a000 	C:\PROGRA~1\Java\JDK18~1.0_1\jre\bin\server\jvm.dll
0x00007ff89d600000 - 0x00007ff89d609000 	C:\WINDOWS\SYSTEM32\WSOCK32.dll
0x00007ff8987a0000 - 0x00007ff8987c2000 	C:\WINDOWS\SYSTEM32\WINMM.dll
0x00007ff8a05e0000 - 0x00007ff8a05e7000 	C:\WINDOWS\system32\PSAPI.DLL
0x00007ff8a2d50000 - 0x00007ff8a2daa000 	C:\WINDOWS\system32\WS2_32.dll
0x00007ff898770000 - 0x00007ff89879a000 	C:\WINDOWS\SYSTEM32\WINMMBASE.dll
0x00007ff8a0aa0000 - 0x00007ff8a0aa9000 	C:\WINDOWS\system32\NSI.dll
0x00007ff8a02f0000 - 0x00007ff8a033f000 	C:\WINDOWS\SYSTEM32\cfgmgr32.dll
0x00007ff89ee50000 - 0x00007ff89ee78000 	C:\WINDOWS\SYSTEM32\DEVOBJ.dll
0x0000000068ae0000 - 0x0000000068aef000 	C:\PROGRA~1\Java\JDK18~1.0_1\jre\bin\verify.dll
0x0000000068ab0000 - 0x0000000068ad8000 	C:\PROGRA~1\Java\JDK18~1.0_1\jre\bin\java.dll
0x0000000068a90000 - 0x0000000068aa6000 	C:\PROGRA~1\Java\JDK18~1.0_1\jre\bin\zip.dll

VM Arguments:
jvm_args: -Xmx1024M -Xss1m -Djava.ext.dirs=C:\Users\Placko\AppData\Local\Android\sdk\build-tools\22.0.0\lib 
java_command: C:\Users\Placko\AppData\Local\Android\sdk\build-tools\22.0.0\lib\dx.jar --dex --output C:\Bitbucket\L&F Pets\ParseStarterProject\build\intermediates\pre-dexed\debug\ParseCrashReporting-1.9.1-d8eee15306de614b44112a3ba74a5ebafa5f370c.jar C:\Bitbucket\L&F Pets\ParseStarterProject\libs\ParseCrashReporting-1.9.1.jar
java_class_path (initial): C:\Users\Placko\AppData\Local\Android\sdk\build-tools\22.0.0\lib\dx.jar
Launcher Type: SUN_STANDARD

Environment Variables:
JAVA_HOME=C:\Program Files\Java\jdk1.8.0_11
PATH=C:\ProgramData\Oracle\Java\javapath;C:\Program Files (x86)\NVIDIA Corporation\PhysX\Common;C:\WINDOWS\system32;C:\WINDOWS;C:\WINDOWS\System32\Wbem;C:\WINDOWS\System32\WindowsPowerShell\v1.0\;C:\Program Files (x86)\ATI Technologies\ATI.ACE\Core-Static;C:\Program Files\nodejs\;C:\Program Files (x86)\Microsoft SQL Server\100\Tools\Binn\;C:\Program Files\Microsoft SQL Server\100\Tools\Binn\;C:\Program Files\Microsoft SQL Server\100\DTS\Binn\;C:\Program Files (x86)\Skype\Phone\;C:\Users\Placko\AppData\Roaming\npm
USERNAME=Placko
OS=Windows_NT
PROCESSOR_IDENTIFIER=Intel64 Family 6 Model 23 Stepping 10, GenuineIntel



---------------  S Y S T E M  ---------------

OS: Windows 8.1 , 64 bit Build 9600 

CPU:total 2 (2 cores per cpu, 1 threads per core) family 6 model 23 stepping 10, cmov, cx8, fxsr, mmx, sse, sse2, sse3, ssse3, sse4.1, tsc

Memory: 4k page, physical 4192756k(207248k free), swap 7338484k(5004k free)

vm_info: Java HotSpot(TM) 64-Bit Server VM (25.11-b03) for windows-amd64 JRE (1.8.0_11-b12), built on Jun 16 2014 20:57:32 by "java_re" with MS VC++ 10.0 (VS2010)

time: Sun Apr 26 12:05:26 2015
elapsed time: 1 seconds

